Determining if the pthread_create exist failed with the following output:
Change Dir: /home/sumanraj/acm-school-iot-2021/Gazebo/acm_tutorial_gazebo/build/CMakeFiles/CMakeTmp

Run Build Command:"/usr/bin/make" "cmTC_30518/fast"
/usr/bin/make -f CMakeFiles/cmTC_30518.dir/build.make CMakeFiles/cmTC_30518.dir/build
make[1]: Entering directory '/home/sumanraj/acm-school-iot-2021/Gazebo/acm_tutorial_gazebo/build/CMakeFiles/CMakeTmp'
Building C object CMakeFiles/cmTC_30518.dir/CheckSymbolExists.c.o
/usr/bin/cc    -o CMakeFiles/cmTC_30518.dir/CheckSymbolExists.c.o   -c /home/sumanraj/acm-school-iot-2021/Gazebo/acm_tutorial_gazebo/build/CMakeFiles/CMakeTmp/CheckSymbolExists.c
Linking C executable cmTC_30518
/usr/bin/cmake -E cmake_link_script CMakeFiles/cmTC_30518.dir/link.txt --verbose=1
/usr/bin/cc      -rdynamic CMakeFiles/cmTC_30518.dir/CheckSymbolExists.c.o  -o cmTC_30518 
CMakeFiles/cmTC_30518.dir/CheckSymbolExists.c.o: In function `main':
CheckSymbolExists.c:(.text+0x1b): undefined reference to `pthread_create'
collect2: error: ld returned 1 exit status
CMakeFiles/cmTC_30518.dir/build.make:97: recipe for target 'cmTC_30518' failed
make[1]: *** [cmTC_30518] Error 1
make[1]: Leaving directory '/home/sumanraj/acm-school-iot-2021/Gazebo/acm_tutorial_gazebo/build/CMakeFiles/CMakeTmp'
Makefile:126: recipe for target 'cmTC_30518/fast' failed
make: *** [cmTC_30518/fast] Error 2

File /home/sumanraj/acm-school-iot-2021/Gazebo/acm_tutorial_gazebo/build/CMakeFiles/CMakeTmp/CheckSymbolExists.c:
/* */
#include <pthread.h>

int main(int argc, char** argv)
{
  (void)argv;
#ifndef pthread_create
  return ((int*)(&pthread_create))[argc];
#else
  (void)argc;
  return 0;
#endif
}

Determining if the function pthread_create exists in the pthreads failed with the following output:
Change Dir: /home/sumanraj/acm-school-iot-2021/Gazebo/acm_tutorial_gazebo/build/CMakeFiles/CMakeTmp

Run Build Command:"/usr/bin/make" "cmTC_7f030/fast"
/usr/bin/make -f CMakeFiles/cmTC_7f030.dir/build.make CMakeFiles/cmTC_7f030.dir/build
make[1]: Entering directory '/home/sumanraj/acm-school-iot-2021/Gazebo/acm_tutorial_gazebo/build/CMakeFiles/CMakeTmp'
Building C object CMakeFiles/cmTC_7f030.dir/CheckFunctionExists.c.o
/usr/bin/cc   -DCHECK_FUNCTION_EXISTS=pthread_create   -o CMakeFiles/cmTC_7f030.dir/CheckFunctionExists.c.o   -c /usr/share/cmake-3.10/Modules/CheckFunctionExists.c
Linking C executable cmTC_7f030
/usr/bin/cmake -E cmake_link_script CMakeFiles/cmTC_7f030.dir/link.txt --verbose=1
/usr/bin/cc  -DCHECK_FUNCTION_EXISTS=pthread_create    -rdynamic CMakeFiles/cmTC_7f030.dir/CheckFunctionExists.c.o  -o cmTC_7f030 -lpthreads 
/usr/bin/ld: cannot find -lpthreads
collect2: error: ld returned 1 exit status
CMakeFiles/cmTC_7f030.dir/build.make:97: recipe for target 'cmTC_7f030' failed
make[1]: *** [cmTC_7f030] Error 1
make[1]: Leaving directory '/home/sumanraj/acm-school-iot-2021/Gazebo/acm_tutorial_gazebo/build/CMakeFiles/CMakeTmp'
Makefile:126: recipe for target 'cmTC_7f030/fast' failed
make: *** [cmTC_7f030/fast] Error 2


